[32m2024-01-16 21:44:50 -0500[0m - dagster - [34mDEBUG[0m - __ASSET_JOB - dd41a628-7dfb-4b64-8e81-b78dbff2ae93 - 63265 - LOGS_CAPTURED - Started capturing logs in process (pid: 63265).
[32m2024-01-16 21:44:50 -0500[0m - dagster - [34mDEBUG[0m - __ASSET_JOB - dd41a628-7dfb-4b64-8e81-b78dbff2ae93 - 63265 - jaffle_shop_dbt_assets - STEP_START - Started execution of step "jaffle_shop_dbt_assets".
[32m2024-01-16 21:44:50 -0500[0m - dagster - [34mINFO[0m - __ASSET_JOB - dd41a628-7dfb-4b64-8e81-b78dbff2ae93 - jaffle_shop_dbt_assets - A dbt subsetted execution is not being performed. Using the default dbt selection arguments `['--select', 'fqn:*']`.
[32m2024-01-16 21:44:50 -0500[0m - dagster - [34mINFO[0m - __ASSET_JOB - dd41a628-7dfb-4b64-8e81-b78dbff2ae93 - jaffle_shop_dbt_assets - Copying `/Users/jsh/Documents/Code/Projects/tutorial-dbt-dagster/jaffle_shop/target/partial_parse.msgpack` to `/Users/jsh/Documents/Code/Projects/tutorial-dbt-dagster/jaffle_shop/target/jaffle_shop_dbt_assets-dd41a62-dbee979/partial_parse.msgpack` to take advantage of partial parsing.
[32m2024-01-16 21:44:50 -0500[0m - dagster - [34mINFO[0m - __ASSET_JOB - dd41a628-7dfb-4b64-8e81-b78dbff2ae93 - jaffle_shop_dbt_assets - Running dbt command: `dbt build --select fqn:*`.
[32m2024-01-16 21:44:51 -0500[0m - dagster - [34mDEBUG[0m - __ASSET_JOB - dd41a628-7dfb-4b64-8e81-b78dbff2ae93 - 63265 - jaffle_shop_dbt_assets - STEP_OUTPUT - Yielded output "raw_payments" of type "Nothing". (Type check passed).
[32m2024-01-16 21:44:51 -0500[0m - dagster - [34mDEBUG[0m - __ASSET_JOB - dd41a628-7dfb-4b64-8e81-b78dbff2ae93 - 63265 - jaffle_shop_dbt_assets - ASSET_MATERIALIZATION - Materialized value raw_payments.
[32m2024-01-16 21:44:51 -0500[0m - dagster - [34mDEBUG[0m - __ASSET_JOB - dd41a628-7dfb-4b64-8e81-b78dbff2ae93 - 63265 - jaffle_shop_dbt_assets - STEP_OUTPUT - Yielded output "raw_orders" of type "Nothing". (Type check passed).
[32m2024-01-16 21:44:52 -0500[0m - dagster - [34mDEBUG[0m - __ASSET_JOB - dd41a628-7dfb-4b64-8e81-b78dbff2ae93 - 63265 - jaffle_shop_dbt_assets - ASSET_MATERIALIZATION - Materialized value raw_orders.
[32m2024-01-16 21:44:52 -0500[0m - dagster - [34mDEBUG[0m - __ASSET_JOB - dd41a628-7dfb-4b64-8e81-b78dbff2ae93 - 63265 - jaffle_shop_dbt_assets - STEP_OUTPUT - Yielded output "stg_customers" of type "Nothing". (Type check passed).
[32m2024-01-16 21:44:52 -0500[0m - dagster - [34mDEBUG[0m - __ASSET_JOB - dd41a628-7dfb-4b64-8e81-b78dbff2ae93 - 63265 - jaffle_shop_dbt_assets - ASSET_MATERIALIZATION - Materialized value stg_customers.
[32m2024-01-16 21:44:52 -0500[0m - dagster - [34mDEBUG[0m - __ASSET_JOB - dd41a628-7dfb-4b64-8e81-b78dbff2ae93 - 63265 - jaffle_shop_dbt_assets - ASSET_OBSERVATION - DagsterEventType.ASSET_OBSERVATION for step jaffle_shop_dbt_assets
[32m2024-01-16 21:44:52 -0500[0m - dagster - [34mDEBUG[0m - __ASSET_JOB - dd41a628-7dfb-4b64-8e81-b78dbff2ae93 - 63265 - jaffle_shop_dbt_assets - ASSET_OBSERVATION - DagsterEventType.ASSET_OBSERVATION for step jaffle_shop_dbt_assets
[32m2024-01-16 21:44:52 -0500[0m - dagster - [34mDEBUG[0m - __ASSET_JOB - dd41a628-7dfb-4b64-8e81-b78dbff2ae93 - 63265 - jaffle_shop_dbt_assets - STEP_OUTPUT - Yielded output "stg_payments" of type "Nothing". (Type check passed).
[32m2024-01-16 21:44:52 -0500[0m - dagster - [34mDEBUG[0m - __ASSET_JOB - dd41a628-7dfb-4b64-8e81-b78dbff2ae93 - 63265 - jaffle_shop_dbt_assets - ASSET_MATERIALIZATION - Materialized value stg_payments.
[32m2024-01-16 21:44:52 -0500[0m - dagster - [34mDEBUG[0m - __ASSET_JOB - dd41a628-7dfb-4b64-8e81-b78dbff2ae93 - 63265 - jaffle_shop_dbt_assets - STEP_OUTPUT - Yielded output "stg_orders" of type "Nothing". (Type check passed).
[32m2024-01-16 21:44:52 -0500[0m - dagster - [34mDEBUG[0m - __ASSET_JOB - dd41a628-7dfb-4b64-8e81-b78dbff2ae93 - 63265 - jaffle_shop_dbt_assets - ASSET_MATERIALIZATION - Materialized value stg_orders.
[32m2024-01-16 21:44:52 -0500[0m - dagster - [34mDEBUG[0m - __ASSET_JOB - dd41a628-7dfb-4b64-8e81-b78dbff2ae93 - 63265 - jaffle_shop_dbt_assets - ASSET_OBSERVATION - DagsterEventType.ASSET_OBSERVATION for step jaffle_shop_dbt_assets
[32m2024-01-16 21:44:52 -0500[0m - dagster - [34mDEBUG[0m - __ASSET_JOB - dd41a628-7dfb-4b64-8e81-b78dbff2ae93 - 63265 - jaffle_shop_dbt_assets - ASSET_OBSERVATION - DagsterEventType.ASSET_OBSERVATION for step jaffle_shop_dbt_assets
[32m2024-01-16 21:44:52 -0500[0m - dagster - [34mDEBUG[0m - __ASSET_JOB - dd41a628-7dfb-4b64-8e81-b78dbff2ae93 - 63265 - jaffle_shop_dbt_assets - ASSET_OBSERVATION - DagsterEventType.ASSET_OBSERVATION for step jaffle_shop_dbt_assets
[32m2024-01-16 21:44:52 -0500[0m - dagster - [34mDEBUG[0m - __ASSET_JOB - dd41a628-7dfb-4b64-8e81-b78dbff2ae93 - 63265 - jaffle_shop_dbt_assets - ASSET_OBSERVATION - DagsterEventType.ASSET_OBSERVATION for step jaffle_shop_dbt_assets
[32m2024-01-16 21:44:52 -0500[0m - dagster - [34mDEBUG[0m - __ASSET_JOB - dd41a628-7dfb-4b64-8e81-b78dbff2ae93 - 63265 - jaffle_shop_dbt_assets - ASSET_OBSERVATION - DagsterEventType.ASSET_OBSERVATION for step jaffle_shop_dbt_assets
[32m2024-01-16 21:44:52 -0500[0m - dagster - [34mDEBUG[0m - __ASSET_JOB - dd41a628-7dfb-4b64-8e81-b78dbff2ae93 - 63265 - jaffle_shop_dbt_assets - ASSET_OBSERVATION - DagsterEventType.ASSET_OBSERVATION for step jaffle_shop_dbt_assets
[32m2024-01-16 21:44:52 -0500[0m - dagster - [34mDEBUG[0m - __ASSET_JOB - dd41a628-7dfb-4b64-8e81-b78dbff2ae93 - 63265 - jaffle_shop_dbt_assets - STEP_OUTPUT - Yielded output "orders" of type "Nothing". (Type check passed).
[32m2024-01-16 21:44:52 -0500[0m - dagster - [34mDEBUG[0m - __ASSET_JOB - dd41a628-7dfb-4b64-8e81-b78dbff2ae93 - 63265 - jaffle_shop_dbt_assets - ASSET_MATERIALIZATION - Materialized value orders.
[32m2024-01-16 21:44:52 -0500[0m - dagster - [34mDEBUG[0m - __ASSET_JOB - dd41a628-7dfb-4b64-8e81-b78dbff2ae93 - 63265 - jaffle_shop_dbt_assets - STEP_OUTPUT - Yielded output "customers" of type "Nothing". (Type check passed).
[32m2024-01-16 21:44:52 -0500[0m - dagster - [34mDEBUG[0m - __ASSET_JOB - dd41a628-7dfb-4b64-8e81-b78dbff2ae93 - 63265 - jaffle_shop_dbt_assets - ASSET_MATERIALIZATION - Materialized value customers.
[32m2024-01-16 21:44:52 -0500[0m - dagster - [34mDEBUG[0m - __ASSET_JOB - dd41a628-7dfb-4b64-8e81-b78dbff2ae93 - 63265 - jaffle_shop_dbt_assets - ASSET_OBSERVATION - DagsterEventType.ASSET_OBSERVATION for step jaffle_shop_dbt_assets
[32m2024-01-16 21:44:52 -0500[0m - dagster - [34mDEBUG[0m - __ASSET_JOB - dd41a628-7dfb-4b64-8e81-b78dbff2ae93 - 63265 - jaffle_shop_dbt_assets - ASSET_OBSERVATION - DagsterEventType.ASSET_OBSERVATION for step jaffle_shop_dbt_assets
[32m2024-01-16 21:44:52 -0500[0m - dagster - [34mDEBUG[0m - __ASSET_JOB - dd41a628-7dfb-4b64-8e81-b78dbff2ae93 - 63265 - jaffle_shop_dbt_assets - ASSET_OBSERVATION - DagsterEventType.ASSET_OBSERVATION for step jaffle_shop_dbt_assets
[32m2024-01-16 21:44:52 -0500[0m - dagster - [34mDEBUG[0m - __ASSET_JOB - dd41a628-7dfb-4b64-8e81-b78dbff2ae93 - 63265 - jaffle_shop_dbt_assets - ASSET_OBSERVATION - DagsterEventType.ASSET_OBSERVATION for step jaffle_shop_dbt_assets
[32m2024-01-16 21:44:52 -0500[0m - dagster - [34mDEBUG[0m - __ASSET_JOB - dd41a628-7dfb-4b64-8e81-b78dbff2ae93 - 63265 - jaffle_shop_dbt_assets - ASSET_OBSERVATION - DagsterEventType.ASSET_OBSERVATION for step jaffle_shop_dbt_assets
[32m2024-01-16 21:44:52 -0500[0m - dagster - [34mDEBUG[0m - __ASSET_JOB - dd41a628-7dfb-4b64-8e81-b78dbff2ae93 - 63265 - jaffle_shop_dbt_assets - ASSET_OBSERVATION - DagsterEventType.ASSET_OBSERVATION for step jaffle_shop_dbt_assets
[32m2024-01-16 21:44:52 -0500[0m - dagster - [34mDEBUG[0m - __ASSET_JOB - dd41a628-7dfb-4b64-8e81-b78dbff2ae93 - 63265 - jaffle_shop_dbt_assets - ASSET_OBSERVATION - DagsterEventType.ASSET_OBSERVATION for step jaffle_shop_dbt_assets
[32m2024-01-16 21:44:52 -0500[0m - dagster - [34mDEBUG[0m - __ASSET_JOB - dd41a628-7dfb-4b64-8e81-b78dbff2ae93 - 63265 - jaffle_shop_dbt_assets - ASSET_OBSERVATION - DagsterEventType.ASSET_OBSERVATION for step jaffle_shop_dbt_assets
[32m2024-01-16 21:44:52 -0500[0m - dagster - [34mDEBUG[0m - __ASSET_JOB - dd41a628-7dfb-4b64-8e81-b78dbff2ae93 - 63265 - jaffle_shop_dbt_assets - ASSET_OBSERVATION - DagsterEventType.ASSET_OBSERVATION for step jaffle_shop_dbt_assets
[32m2024-01-16 21:44:52 -0500[0m - dagster - [34mDEBUG[0m - __ASSET_JOB - dd41a628-7dfb-4b64-8e81-b78dbff2ae93 - 63265 - jaffle_shop_dbt_assets - ASSET_OBSERVATION - DagsterEventType.ASSET_OBSERVATION for step jaffle_shop_dbt_assets
[32m2024-01-16 21:44:52 -0500[0m - dagster - [34mDEBUG[0m - __ASSET_JOB - dd41a628-7dfb-4b64-8e81-b78dbff2ae93 - 63265 - jaffle_shop_dbt_assets - ASSET_OBSERVATION - DagsterEventType.ASSET_OBSERVATION for step jaffle_shop_dbt_assets
[32m2024-01-16 21:44:52 -0500[0m - dagster - [34mDEBUG[0m - __ASSET_JOB - dd41a628-7dfb-4b64-8e81-b78dbff2ae93 - 63265 - jaffle_shop_dbt_assets - ASSET_OBSERVATION - DagsterEventType.ASSET_OBSERVATION for step jaffle_shop_dbt_assets
[32m2024-01-16 21:44:52 -0500[0m - dagster - [34mDEBUG[0m - __ASSET_JOB - dd41a628-7dfb-4b64-8e81-b78dbff2ae93 - 63265 - jaffle_shop_dbt_assets - ASSET_OBSERVATION - DagsterEventType.ASSET_OBSERVATION for step jaffle_shop_dbt_assets
[32m2024-01-16 21:44:52 -0500[0m - dagster - [34mDEBUG[0m - __ASSET_JOB - dd41a628-7dfb-4b64-8e81-b78dbff2ae93 - 63265 - jaffle_shop_dbt_assets - STEP_SUCCESS - Finished execution of step "jaffle_shop_dbt_assets" in 1.68s.
